{
  "stats": {
    "suites": 1,
    "tests": 1,
    "passes": 1,
    "pending": 0,
    "failures": 0,
    "start": "2024-10-24T20:44:43.102Z",
    "end": "2024-10-24T20:46:12.507Z",
    "duration": 89405,
    "testsRegistered": 1,
    "passPercent": 100,
    "pendingPercent": 0,
    "other": 0,
    "hasOther": false,
    "skipped": 0,
    "hasSkipped": false
  },
  "results": [
    {
      "uuid": "e1c4e4a9-0225-49ac-89b2-ccddeeda9c9e",
      "title": "",
      "fullFile": "cypress\\e2e\\Events\\CreateEvent.cy.js",
      "file": "cypress\\e2e\\Events\\CreateEvent.cy.js",
      "beforeHooks": [],
      "afterHooks": [],
      "tests": [],
      "suites": [
        {
          "uuid": "0e51d1a0-e4e9-4fdd-bef7-ca7d8476e14d",
          "title": "Events",
          "fullFile": "",
          "file": "",
          "beforeHooks": [],
          "afterHooks": [],
          "tests": [
            {
              "title": "My Event Repo cases",
              "fullTitle": "Events My Event Repo cases",
              "timedOut": null,
              "duration": 89152,
              "state": "passed",
              "speed": "slow",
              "pass": true,
              "fail": false,
              "pending": false,
              "context": "{\n  \"title\": \"cypress-mochawesome-reporter-videos-passed\",\n  \"value\": \"cypress\\\\e2e\\\\Events\\\\CreateEvent.cy.js\"\n}",
              "code": "// Login to the application\n// cy.login('ammar.nisar@ebitlogix.com', 'Nrm@123456789');\n// Cypress.env(URL)\n// Verifying URL redirection\ncy.visit('/');\neventRepositoryPage.verifyUrlRedirection();\n// Navigating to Create New Event\neventRepositoryPage.navigateToCreateNewEvent();\n// Filling in the event details\ncreateEventPage.fillEventInfoTab();\n// Select checkboxes\nconst textsToClick = ['Promo', 'Newspaper', 'CNY'];\ncreateEventPage.selectCheckboxes(textsToClick);\n// Select Sell-In and Sell-Out dates\ncreateEventPage.selectSellInDate();\ncreateEventPage.selectSellInEndDate();\ncreateEventPage.selectSellOutDate();\ncreateEventPage.selectSellOutEndDate();\n// Select Customer Planning Level\ncreateEventPage.selectCustomerPlanningLevelAndAdd();\n//Scroll towards products \ncreateEventPage.scrolltowardsproducts();\n// Select Product Planning Level\ncreateEventPage.selectProductPlanningLevel();\n// Select Volume and Finance details\ncreateEventPage.selectVolumeFinanceDetails();\n// Fill in the volume details\ncreateEventPage.fillVolumeDetails();\n// Fill in the trade spend details\ncreateEventPage.fillTradeSpendDetails();\n//Click on Create Event Button\n//createEventPage.clickCreateButton();",
              "err": {},
              "uuid": "5c22440d-ba2a-431b-a695-a5041174df07",
              "parentUUID": "0e51d1a0-e4e9-4fdd-bef7-ca7d8476e14d",
              "isHook": false,
              "skipped": false
            }
          ],
          "suites": [],
          "passes": [
            "5c22440d-ba2a-431b-a695-a5041174df07"
          ],
          "failures": [],
          "pending": [],
          "skipped": [],
          "duration": 89152,
          "root": false,
          "rootEmpty": false,
          "_timeout": 2000
        }
      ],
      "passes": [],
      "failures": [],
      "pending": [],
      "skipped": [],
      "duration": 0,
      "root": true,
      "rootEmpty": true,
      "_timeout": 2000
    }
  ],
  "meta": {
    "mocha": {
      "version": "7.0.1"
    },
    "mochawesome": {
      "options": {
        "quiet": false,
        "reportFilename": "mochawesome",
        "saveHtml": false,
        "saveJson": true,
        "consoleReporter": "spec",
        "useInlineDiffs": false,
        "code": true
      },
      "version": "7.1.3"
    },
    "marge": {
      "options": {
        "overwrite": false,
        "html": false,
        "json": true,
        "reportDir": "cypress\\reports\\html\\.jsons"
      },
      "version": "6.2.0"
    }
  }
}